[19-Aug-2025 09:56:33 UTC] PHP Warning:  Undefined array key "form_sort" in C:\Users\hanhj\Local Sites\sengyo-itiban\app\public\wp-content\plugins\vk-all-in-one-expansion-unit\inc\other-widget\widget-taxonomies.php on line 159
[19-Aug-2025 09:56:33 UTC] PHP Warning:  Undefined array key "form_sort" in C:\Users\hanhj\Local Sites\sengyo-itiban\app\public\wp-content\plugins\vk-all-in-one-expansion-unit\inc\other-widget\widget-taxonomies.php on line 160
[19-Aug-2025 10:05:36 UTC] PHP Warning:  Undefined array key "form_sort" in C:\Users\hanhj\Local Sites\sengyo-itiban\app\public\wp-content\plugins\vk-all-in-one-expansion-unit\inc\other-widget\widget-taxonomies.php on line 159
[19-Aug-2025 10:05:36 UTC] PHP Warning:  Undefined array key "form_sort" in C:\Users\hanhj\Local Sites\sengyo-itiban\app\public\wp-content\plugins\vk-all-in-one-expansion-unit\inc\other-widget\widget-taxonomies.php on line 160
[19-Aug-2025 10:07:21 UTC] PHP Warning:  Undefined array key "form_sort" in C:\Users\hanhj\Local Sites\sengyo-itiban\app\public\wp-content\plugins\vk-all-in-one-expansion-unit\inc\other-widget\widget-taxonomies.php on line 159
[19-Aug-2025 10:07:21 UTC] PHP Warning:  Undefined array key "form_sort" in C:\Users\hanhj\Local Sites\sengyo-itiban\app\public\wp-content\plugins\vk-all-in-one-expansion-unit\inc\other-widget\widget-taxonomies.php on line 160
[19-Aug-2025 10:17:02 UTC] PHP Warning:  Undefined array key "form_sort" in C:\Users\hanhj\Local Sites\sengyo-itiban\app\public\wp-content\plugins\vk-all-in-one-expansion-unit\inc\other-widget\widget-taxonomies.php on line 159
[19-Aug-2025 10:17:02 UTC] PHP Warning:  Undefined array key "form_sort" in C:\Users\hanhj\Local Sites\sengyo-itiban\app\public\wp-content\plugins\vk-all-in-one-expansion-unit\inc\other-widget\widget-taxonomies.php on line 160
[19-Aug-2025 10:22:52 UTC] PHP Warning:  Undefined array key "form_sort" in C:\Users\hanhj\Local Sites\sengyo-itiban\app\public\wp-content\plugins\vk-all-in-one-expansion-unit\inc\other-widget\widget-taxonomies.php on line 159
[19-Aug-2025 10:22:52 UTC] PHP Warning:  Undefined array key "form_sort" in C:\Users\hanhj\Local Sites\sengyo-itiban\app\public\wp-content\plugins\vk-all-in-one-expansion-unit\inc\other-widget\widget-taxonomies.php on line 160
[19-Aug-2025 14:18:28 UTC] PHP Warning:  Undefined array key "form_sort" in C:\Users\hanhj\Local Sites\sengyo-itiban\app\public\wp-content\plugins\vk-all-in-one-expansion-unit\inc\other-widget\widget-taxonomies.php on line 159
[19-Aug-2025 14:18:28 UTC] PHP Warning:  Undefined array key "form_sort" in C:\Users\hanhj\Local Sites\sengyo-itiban\app\public\wp-content\plugins\vk-all-in-one-expansion-unit\inc\other-widget\widget-taxonomies.php on line 160
[20-Aug-2025 14:46:34 UTC] PHP Warning:  Undefined array key "form_sort" in C:\Users\hanhj\Local Sites\sengyo-itiban\app\public\wp-content\plugins\vk-all-in-one-expansion-unit\inc\other-widget\widget-taxonomies.php on line 159
[20-Aug-2025 14:46:34 UTC] PHP Warning:  Undefined array key "form_sort" in C:\Users\hanhj\Local Sites\sengyo-itiban\app\public\wp-content\plugins\vk-all-in-one-expansion-unit\inc\other-widget\widget-taxonomies.php on line 160
[20-Aug-2025 15:13:15 UTC] PHP Warning:  Undefined array key "mediaAlign_left" in C:\Users\hanhj\Local Sites\sengyo-itiban\app\public\wp-content\plugins\vk-all-in-one-expansion-unit\inc\other-widget\widget-profile.php on line 192
[20-Aug-2025 15:13:15 UTC] PHP Warning:  Undefined array key "mediaRound" in C:\Users\hanhj\Local Sites\sengyo-itiban\app\public\wp-content\plugins\vk-all-in-one-expansion-unit\inc\other-widget\widget-profile.php on line 194
[20-Aug-2025 15:13:15 UTC] PHP Warning:  Undefined array key "mediaFloat" in C:\Users\hanhj\Local Sites\sengyo-itiban\app\public\wp-content\plugins\vk-all-in-one-expansion-unit\inc\other-widget\widget-profile.php on line 196
[20-Aug-2025 15:13:19 UTC] PHP Warning:  Undefined array key "mediaAlign_left" in C:\Users\hanhj\Local Sites\sengyo-itiban\app\public\wp-content\plugins\vk-all-in-one-expansion-unit\inc\other-widget\widget-profile.php on line 192
[20-Aug-2025 15:13:19 UTC] PHP Warning:  Undefined array key "mediaRound" in C:\Users\hanhj\Local Sites\sengyo-itiban\app\public\wp-content\plugins\vk-all-in-one-expansion-unit\inc\other-widget\widget-profile.php on line 194
[20-Aug-2025 15:13:19 UTC] PHP Warning:  Undefined array key "mediaFloat" in C:\Users\hanhj\Local Sites\sengyo-itiban\app\public\wp-content\plugins\vk-all-in-one-expansion-unit\inc\other-widget\widget-profile.php on line 196
[20-Aug-2025 15:13:20 UTC] PHP Warning:  Undefined array key "mediaAlign_left" in C:\Users\hanhj\Local Sites\sengyo-itiban\app\public\wp-content\plugins\vk-all-in-one-expansion-unit\inc\other-widget\widget-profile.php on line 192
[20-Aug-2025 15:13:20 UTC] PHP Warning:  Undefined array key "mediaRound" in C:\Users\hanhj\Local Sites\sengyo-itiban\app\public\wp-content\plugins\vk-all-in-one-expansion-unit\inc\other-widget\widget-profile.php on line 194
[20-Aug-2025 15:13:20 UTC] PHP Warning:  Undefined array key "mediaFloat" in C:\Users\hanhj\Local Sites\sengyo-itiban\app\public\wp-content\plugins\vk-all-in-one-expansion-unit\inc\other-widget\widget-profile.php on line 196
[20-Aug-2025 15:13:30 UTC] PHP Warning:  Undefined array key "mediaAlign_left" in C:\Users\hanhj\Local Sites\sengyo-itiban\app\public\wp-content\plugins\vk-all-in-one-expansion-unit\inc\other-widget\widget-profile.php on line 192
[20-Aug-2025 15:13:30 UTC] PHP Warning:  Undefined array key "mediaRound" in C:\Users\hanhj\Local Sites\sengyo-itiban\app\public\wp-content\plugins\vk-all-in-one-expansion-unit\inc\other-widget\widget-profile.php on line 194
[20-Aug-2025 15:13:30 UTC] PHP Warning:  Undefined array key "mediaFloat" in C:\Users\hanhj\Local Sites\sengyo-itiban\app\public\wp-content\plugins\vk-all-in-one-expansion-unit\inc\other-widget\widget-profile.php on line 196
[20-Aug-2025 15:14:05 UTC] PHP Warning:  Undefined array key "mediaAlign_left" in C:\Users\hanhj\Local Sites\sengyo-itiban\app\public\wp-content\plugins\vk-all-in-one-expansion-unit\inc\other-widget\widget-profile.php on line 192
[20-Aug-2025 15:14:05 UTC] PHP Warning:  Undefined array key "mediaRound" in C:\Users\hanhj\Local Sites\sengyo-itiban\app\public\wp-content\plugins\vk-all-in-one-expansion-unit\inc\other-widget\widget-profile.php on line 194
[20-Aug-2025 15:14:05 UTC] PHP Warning:  Undefined array key "mediaFloat" in C:\Users\hanhj\Local Sites\sengyo-itiban\app\public\wp-content\plugins\vk-all-in-one-expansion-unit\inc\other-widget\widget-profile.php on line 196
[20-Aug-2025 15:14:06 UTC] PHP Warning:  Undefined array key "mediaAlign_left" in C:\Users\hanhj\Local Sites\sengyo-itiban\app\public\wp-content\plugins\vk-all-in-one-expansion-unit\inc\other-widget\widget-profile.php on line 192
[20-Aug-2025 15:14:06 UTC] PHP Warning:  Undefined array key "mediaRound" in C:\Users\hanhj\Local Sites\sengyo-itiban\app\public\wp-content\plugins\vk-all-in-one-expansion-unit\inc\other-widget\widget-profile.php on line 194
[20-Aug-2025 15:14:06 UTC] PHP Warning:  Undefined array key "mediaFloat" in C:\Users\hanhj\Local Sites\sengyo-itiban\app\public\wp-content\plugins\vk-all-in-one-expansion-unit\inc\other-widget\widget-profile.php on line 196
[20-Aug-2025 15:14:09 UTC] PHP Warning:  Undefined array key "mediaAlign_left" in C:\Users\hanhj\Local Sites\sengyo-itiban\app\public\wp-content\plugins\vk-all-in-one-expansion-unit\inc\other-widget\widget-profile.php on line 192
[20-Aug-2025 15:14:09 UTC] PHP Warning:  Undefined array key "mediaRound" in C:\Users\hanhj\Local Sites\sengyo-itiban\app\public\wp-content\plugins\vk-all-in-one-expansion-unit\inc\other-widget\widget-profile.php on line 194
[20-Aug-2025 15:14:09 UTC] PHP Warning:  Undefined array key "mediaFloat" in C:\Users\hanhj\Local Sites\sengyo-itiban\app\public\wp-content\plugins\vk-all-in-one-expansion-unit\inc\other-widget\widget-profile.php on line 196
[20-Aug-2025 15:14:09 UTC] PHP Warning:  Undefined array key "mediaAlign_left" in C:\Users\hanhj\Local Sites\sengyo-itiban\app\public\wp-content\plugins\vk-all-in-one-expansion-unit\inc\other-widget\widget-profile.php on line 192
[20-Aug-2025 15:14:09 UTC] PHP Warning:  Undefined array key "mediaRound" in C:\Users\hanhj\Local Sites\sengyo-itiban\app\public\wp-content\plugins\vk-all-in-one-expansion-unit\inc\other-widget\widget-profile.php on line 194
[20-Aug-2025 15:14:09 UTC] PHP Warning:  Undefined array key "mediaFloat" in C:\Users\hanhj\Local Sites\sengyo-itiban\app\public\wp-content\plugins\vk-all-in-one-expansion-unit\inc\other-widget\widget-profile.php on line 196
[20-Aug-2025 15:14:10 UTC] PHP Warning:  Undefined array key "mediaAlign_left" in C:\Users\hanhj\Local Sites\sengyo-itiban\app\public\wp-content\plugins\vk-all-in-one-expansion-unit\inc\other-widget\widget-profile.php on line 192
[20-Aug-2025 15:14:10 UTC] PHP Warning:  Undefined array key "mediaRound" in C:\Users\hanhj\Local Sites\sengyo-itiban\app\public\wp-content\plugins\vk-all-in-one-expansion-unit\inc\other-widget\widget-profile.php on line 194
[20-Aug-2025 15:14:10 UTC] PHP Warning:  Undefined array key "mediaFloat" in C:\Users\hanhj\Local Sites\sengyo-itiban\app\public\wp-content\plugins\vk-all-in-one-expansion-unit\inc\other-widget\widget-profile.php on line 196
[20-Aug-2025 15:14:10 UTC] PHP Warning:  Undefined array key "mediaAlign_left" in C:\Users\hanhj\Local Sites\sengyo-itiban\app\public\wp-content\plugins\vk-all-in-one-expansion-unit\inc\other-widget\widget-profile.php on line 192
[20-Aug-2025 15:14:10 UTC] PHP Warning:  Undefined array key "mediaRound" in C:\Users\hanhj\Local Sites\sengyo-itiban\app\public\wp-content\plugins\vk-all-in-one-expansion-unit\inc\other-widget\widget-profile.php on line 194
[20-Aug-2025 15:14:10 UTC] PHP Warning:  Undefined array key "mediaFloat" in C:\Users\hanhj\Local Sites\sengyo-itiban\app\public\wp-content\plugins\vk-all-in-one-expansion-unit\inc\other-widget\widget-profile.php on line 196
[20-Aug-2025 15:14:12 UTC] PHP Warning:  Undefined array key "mediaAlign_left" in C:\Users\hanhj\Local Sites\sengyo-itiban\app\public\wp-content\plugins\vk-all-in-one-expansion-unit\inc\other-widget\widget-profile.php on line 192
[20-Aug-2025 15:14:12 UTC] PHP Warning:  Undefined array key "mediaRound" in C:\Users\hanhj\Local Sites\sengyo-itiban\app\public\wp-content\plugins\vk-all-in-one-expansion-unit\inc\other-widget\widget-profile.php on line 194
[20-Aug-2025 15:14:12 UTC] PHP Warning:  Undefined array key "mediaFloat" in C:\Users\hanhj\Local Sites\sengyo-itiban\app\public\wp-content\plugins\vk-all-in-one-expansion-unit\inc\other-widget\widget-profile.php on line 196
[20-Aug-2025 15:14:12 UTC] PHP Warning:  Undefined array key "mediaAlign_left" in C:\Users\hanhj\Local Sites\sengyo-itiban\app\public\wp-content\plugins\vk-all-in-one-expansion-unit\inc\other-widget\widget-profile.php on line 192
[20-Aug-2025 15:14:12 UTC] PHP Warning:  Undefined array key "mediaRound" in C:\Users\hanhj\Local Sites\sengyo-itiban\app\public\wp-content\plugins\vk-all-in-one-expansion-unit\inc\other-widget\widget-profile.php on line 194
[20-Aug-2025 15:14:12 UTC] PHP Warning:  Undefined array key "mediaFloat" in C:\Users\hanhj\Local Sites\sengyo-itiban\app\public\wp-content\plugins\vk-all-in-one-expansion-unit\inc\other-widget\widget-profile.php on line 196
[20-Aug-2025 15:14:12 UTC] PHP Warning:  Undefined array key "mediaAlign_left" in C:\Users\hanhj\Local Sites\sengyo-itiban\app\public\wp-content\plugins\vk-all-in-one-expansion-unit\inc\other-widget\widget-profile.php on line 192
[20-Aug-2025 15:14:12 UTC] PHP Warning:  Undefined array key "mediaRound" in C:\Users\hanhj\Local Sites\sengyo-itiban\app\public\wp-content\plugins\vk-all-in-one-expansion-unit\inc\other-widget\widget-profile.php on line 194
[20-Aug-2025 15:14:12 UTC] PHP Warning:  Undefined array key "mediaFloat" in C:\Users\hanhj\Local Sites\sengyo-itiban\app\public\wp-content\plugins\vk-all-in-one-expansion-unit\inc\other-widget\widget-profile.php on line 196
[20-Aug-2025 15:14:13 UTC] PHP Warning:  Undefined array key "mediaAlign_left" in C:\Users\hanhj\Local Sites\sengyo-itiban\app\public\wp-content\plugins\vk-all-in-one-expansion-unit\inc\other-widget\widget-profile.php on line 192
[20-Aug-2025 15:14:13 UTC] PHP Warning:  Undefined array key "mediaRound" in C:\Users\hanhj\Local Sites\sengyo-itiban\app\public\wp-content\plugins\vk-all-in-one-expansion-unit\inc\other-widget\widget-profile.php on line 194
[20-Aug-2025 15:14:13 UTC] PHP Warning:  Undefined array key "mediaFloat" in C:\Users\hanhj\Local Sites\sengyo-itiban\app\public\wp-content\plugins\vk-all-in-one-expansion-unit\inc\other-widget\widget-profile.php on line 196
[20-Aug-2025 15:14:15 UTC] PHP Warning:  Undefined array key "mediaAlign_left" in C:\Users\hanhj\Local Sites\sengyo-itiban\app\public\wp-content\plugins\vk-all-in-one-expansion-unit\inc\other-widget\widget-profile.php on line 192
[20-Aug-2025 15:14:15 UTC] PHP Warning:  Undefined array key "mediaRound" in C:\Users\hanhj\Local Sites\sengyo-itiban\app\public\wp-content\plugins\vk-all-in-one-expansion-unit\inc\other-widget\widget-profile.php on line 194
[20-Aug-2025 15:14:15 UTC] PHP Warning:  Undefined array key "mediaFloat" in C:\Users\hanhj\Local Sites\sengyo-itiban\app\public\wp-content\plugins\vk-all-in-one-expansion-unit\inc\other-widget\widget-profile.php on line 196
[20-Aug-2025 15:14:16 UTC] PHP Warning:  Undefined array key "mediaAlign_left" in C:\Users\hanhj\Local Sites\sengyo-itiban\app\public\wp-content\plugins\vk-all-in-one-expansion-unit\inc\other-widget\widget-profile.php on line 192
[20-Aug-2025 15:14:16 UTC] PHP Warning:  Undefined array key "mediaRound" in C:\Users\hanhj\Local Sites\sengyo-itiban\app\public\wp-content\plugins\vk-all-in-one-expansion-unit\inc\other-widget\widget-profile.php on line 194
[20-Aug-2025 15:14:16 UTC] PHP Warning:  Undefined array key "mediaFloat" in C:\Users\hanhj\Local Sites\sengyo-itiban\app\public\wp-content\plugins\vk-all-in-one-expansion-unit\inc\other-widget\widget-profile.php on line 196
[20-Aug-2025 15:14:22 UTC] PHP Warning:  Undefined array key "mediaAlign_left" in C:\Users\hanhj\Local Sites\sengyo-itiban\app\public\wp-content\plugins\vk-all-in-one-expansion-unit\inc\other-widget\widget-profile.php on line 192
[20-Aug-2025 15:14:22 UTC] PHP Warning:  Undefined array key "mediaRound" in C:\Users\hanhj\Local Sites\sengyo-itiban\app\public\wp-content\plugins\vk-all-in-one-expansion-unit\inc\other-widget\widget-profile.php on line 194
[20-Aug-2025 15:14:22 UTC] PHP Warning:  Undefined array key "mediaFloat" in C:\Users\hanhj\Local Sites\sengyo-itiban\app\public\wp-content\plugins\vk-all-in-one-expansion-unit\inc\other-widget\widget-profile.php on line 196
[20-Aug-2025 15:14:22 UTC] PHP Warning:  Undefined array key "mediaAlign_left" in C:\Users\hanhj\Local Sites\sengyo-itiban\app\public\wp-content\plugins\vk-all-in-one-expansion-unit\inc\other-widget\widget-profile.php on line 192
[20-Aug-2025 15:14:22 UTC] PHP Warning:  Undefined array key "mediaRound" in C:\Users\hanhj\Local Sites\sengyo-itiban\app\public\wp-content\plugins\vk-all-in-one-expansion-unit\inc\other-widget\widget-profile.php on line 194
[20-Aug-2025 15:14:22 UTC] PHP Warning:  Undefined array key "mediaFloat" in C:\Users\hanhj\Local Sites\sengyo-itiban\app\public\wp-content\plugins\vk-all-in-one-expansion-unit\inc\other-widget\widget-profile.php on line 196
[20-Aug-2025 15:14:22 UTC] PHP Warning:  Undefined array key "mediaAlign_left" in C:\Users\hanhj\Local Sites\sengyo-itiban\app\public\wp-content\plugins\vk-all-in-one-expansion-unit\inc\other-widget\widget-profile.php on line 192
[20-Aug-2025 15:14:22 UTC] PHP Warning:  Undefined array key "mediaRound" in C:\Users\hanhj\Local Sites\sengyo-itiban\app\public\wp-content\plugins\vk-all-in-one-expansion-unit\inc\other-widget\widget-profile.php on line 194
[20-Aug-2025 15:14:22 UTC] PHP Warning:  Undefined array key "mediaFloat" in C:\Users\hanhj\Local Sites\sengyo-itiban\app\public\wp-content\plugins\vk-all-in-one-expansion-unit\inc\other-widget\widget-profile.php on line 196
[20-Aug-2025 15:14:22 UTC] PHP Warning:  Undefined array key "mediaAlign_left" in C:\Users\hanhj\Local Sites\sengyo-itiban\app\public\wp-content\plugins\vk-all-in-one-expansion-unit\inc\other-widget\widget-profile.php on line 192
[20-Aug-2025 15:14:22 UTC] PHP Warning:  Undefined array key "mediaRound" in C:\Users\hanhj\Local Sites\sengyo-itiban\app\public\wp-content\plugins\vk-all-in-one-expansion-unit\inc\other-widget\widget-profile.php on line 194
[20-Aug-2025 15:14:22 UTC] PHP Warning:  Undefined array key "mediaFloat" in C:\Users\hanhj\Local Sites\sengyo-itiban\app\public\wp-content\plugins\vk-all-in-one-expansion-unit\inc\other-widget\widget-profile.php on line 196
[20-Aug-2025 15:14:23 UTC] PHP Warning:  Undefined array key "mediaAlign_left" in C:\Users\hanhj\Local Sites\sengyo-itiban\app\public\wp-content\plugins\vk-all-in-one-expansion-unit\inc\other-widget\widget-profile.php on line 192
[20-Aug-2025 15:14:23 UTC] PHP Warning:  Undefined array key "mediaRound" in C:\Users\hanhj\Local Sites\sengyo-itiban\app\public\wp-content\plugins\vk-all-in-one-expansion-unit\inc\other-widget\widget-profile.php on line 194
[20-Aug-2025 15:14:23 UTC] PHP Warning:  Undefined array key "mediaFloat" in C:\Users\hanhj\Local Sites\sengyo-itiban\app\public\wp-content\plugins\vk-all-in-one-expansion-unit\inc\other-widget\widget-profile.php on line 196
[20-Aug-2025 15:14:23 UTC] PHP Warning:  Undefined array key "mediaAlign_left" in C:\Users\hanhj\Local Sites\sengyo-itiban\app\public\wp-content\plugins\vk-all-in-one-expansion-unit\inc\other-widget\widget-profile.php on line 192
[20-Aug-2025 15:14:23 UTC] PHP Warning:  Undefined array key "mediaRound" in C:\Users\hanhj\Local Sites\sengyo-itiban\app\public\wp-content\plugins\vk-all-in-one-expansion-unit\inc\other-widget\widget-profile.php on line 194
[20-Aug-2025 15:14:23 UTC] PHP Warning:  Undefined array key "mediaFloat" in C:\Users\hanhj\Local Sites\sengyo-itiban\app\public\wp-content\plugins\vk-all-in-one-expansion-unit\inc\other-widget\widget-profile.php on line 196
[20-Aug-2025 15:14:23 UTC] PHP Warning:  Undefined array key "mediaAlign_left" in C:\Users\hanhj\Local Sites\sengyo-itiban\app\public\wp-content\plugins\vk-all-in-one-expansion-unit\inc\other-widget\widget-profile.php on line 192
[20-Aug-2025 15:14:23 UTC] PHP Warning:  Undefined array key "mediaRound" in C:\Users\hanhj\Local Sites\sengyo-itiban\app\public\wp-content\plugins\vk-all-in-one-expansion-unit\inc\other-widget\widget-profile.php on line 194
[20-Aug-2025 15:14:23 UTC] PHP Warning:  Undefined array key "mediaFloat" in C:\Users\hanhj\Local Sites\sengyo-itiban\app\public\wp-content\plugins\vk-all-in-one-expansion-unit\inc\other-widget\widget-profile.php on line 196
[20-Aug-2025 15:14:23 UTC] PHP Warning:  Undefined array key "mediaAlign_left" in C:\Users\hanhj\Local Sites\sengyo-itiban\app\public\wp-content\plugins\vk-all-in-one-expansion-unit\inc\other-widget\widget-profile.php on line 192
[20-Aug-2025 15:14:23 UTC] PHP Warning:  Undefined array key "mediaRound" in C:\Users\hanhj\Local Sites\sengyo-itiban\app\public\wp-content\plugins\vk-all-in-one-expansion-unit\inc\other-widget\widget-profile.php on line 194
[20-Aug-2025 15:14:23 UTC] PHP Warning:  Undefined array key "mediaFloat" in C:\Users\hanhj\Local Sites\sengyo-itiban\app\public\wp-content\plugins\vk-all-in-one-expansion-unit\inc\other-widget\widget-profile.php on line 196
[20-Aug-2025 15:14:23 UTC] PHP Warning:  Undefined array key "mediaAlign_left" in C:\Users\hanhj\Local Sites\sengyo-itiban\app\public\wp-content\plugins\vk-all-in-one-expansion-unit\inc\other-widget\widget-profile.php on line 192
[20-Aug-2025 15:14:23 UTC] PHP Warning:  Undefined array key "mediaRound" in C:\Users\hanhj\Local Sites\sengyo-itiban\app\public\wp-content\plugins\vk-all-in-one-expansion-unit\inc\other-widget\widget-profile.php on line 194
[20-Aug-2025 15:14:23 UTC] PHP Warning:  Undefined array key "mediaFloat" in C:\Users\hanhj\Local Sites\sengyo-itiban\app\public\wp-content\plugins\vk-all-in-one-expansion-unit\inc\other-widget\widget-profile.php on line 196
[20-Aug-2025 15:14:23 UTC] PHP Warning:  Undefined array key "mediaAlign_left" in C:\Users\hanhj\Local Sites\sengyo-itiban\app\public\wp-content\plugins\vk-all-in-one-expansion-unit\inc\other-widget\widget-profile.php on line 192
[20-Aug-2025 15:14:23 UTC] PHP Warning:  Undefined array key "mediaRound" in C:\Users\hanhj\Local Sites\sengyo-itiban\app\public\wp-content\plugins\vk-all-in-one-expansion-unit\inc\other-widget\widget-profile.php on line 194
[20-Aug-2025 15:14:23 UTC] PHP Warning:  Undefined array key "mediaFloat" in C:\Users\hanhj\Local Sites\sengyo-itiban\app\public\wp-content\plugins\vk-all-in-one-expansion-unit\inc\other-widget\widget-profile.php on line 196
[20-Aug-2025 15:14:24 UTC] PHP Warning:  Undefined array key "mediaAlign_left" in C:\Users\hanhj\Local Sites\sengyo-itiban\app\public\wp-content\plugins\vk-all-in-one-expansion-unit\inc\other-widget\widget-profile.php on line 192
[20-Aug-2025 15:14:24 UTC] PHP Warning:  Undefined array key "mediaRound" in C:\Users\hanhj\Local Sites\sengyo-itiban\app\public\wp-content\plugins\vk-all-in-one-expansion-unit\inc\other-widget\widget-profile.php on line 194
[20-Aug-2025 15:14:24 UTC] PHP Warning:  Undefined array key "mediaFloat" in C:\Users\hanhj\Local Sites\sengyo-itiban\app\public\wp-content\plugins\vk-all-in-one-expansion-unit\inc\other-widget\widget-profile.php on line 196
[20-Aug-2025 15:14:25 UTC] PHP Warning:  Undefined array key "mediaAlign_left" in C:\Users\hanhj\Local Sites\sengyo-itiban\app\public\wp-content\plugins\vk-all-in-one-expansion-unit\inc\other-widget\widget-profile.php on line 192
[20-Aug-2025 15:14:25 UTC] PHP Warning:  Undefined array key "mediaRound" in C:\Users\hanhj\Local Sites\sengyo-itiban\app\public\wp-content\plugins\vk-all-in-one-expansion-unit\inc\other-widget\widget-profile.php on line 194
[20-Aug-2025 15:14:25 UTC] PHP Warning:  Undefined array key "mediaFloat" in C:\Users\hanhj\Local Sites\sengyo-itiban\app\public\wp-content\plugins\vk-all-in-one-expansion-unit\inc\other-widget\widget-profile.php on line 196
[20-Aug-2025 15:14:25 UTC] PHP Warning:  Undefined array key "mediaAlign_left" in C:\Users\hanhj\Local Sites\sengyo-itiban\app\public\wp-content\plugins\vk-all-in-one-expansion-unit\inc\other-widget\widget-profile.php on line 192
[20-Aug-2025 15:14:25 UTC] PHP Warning:  Undefined array key "mediaRound" in C:\Users\hanhj\Local Sites\sengyo-itiban\app\public\wp-content\plugins\vk-all-in-one-expansion-unit\inc\other-widget\widget-profile.php on line 194
[20-Aug-2025 15:14:25 UTC] PHP Warning:  Undefined array key "mediaFloat" in C:\Users\hanhj\Local Sites\sengyo-itiban\app\public\wp-content\plugins\vk-all-in-one-expansion-unit\inc\other-widget\widget-profile.php on line 196
[20-Aug-2025 15:14:26 UTC] PHP Warning:  Undefined array key "mediaAlign_left" in C:\Users\hanhj\Local Sites\sengyo-itiban\app\public\wp-content\plugins\vk-all-in-one-expansion-unit\inc\other-widget\widget-profile.php on line 192
[20-Aug-2025 15:14:26 UTC] PHP Warning:  Undefined array key "mediaRound" in C:\Users\hanhj\Local Sites\sengyo-itiban\app\public\wp-content\plugins\vk-all-in-one-expansion-unit\inc\other-widget\widget-profile.php on line 194
[20-Aug-2025 15:14:26 UTC] PHP Warning:  Undefined array key "mediaFloat" in C:\Users\hanhj\Local Sites\sengyo-itiban\app\public\wp-content\plugins\vk-all-in-one-expansion-unit\inc\other-widget\widget-profile.php on line 196
[20-Aug-2025 15:14:33 UTC] PHP Warning:  Undefined array key "mediaAlign_left" in C:\Users\hanhj\Local Sites\sengyo-itiban\app\public\wp-content\plugins\vk-all-in-one-expansion-unit\inc\other-widget\widget-profile.php on line 192
[20-Aug-2025 15:14:33 UTC] PHP Warning:  Undefined array key "mediaRound" in C:\Users\hanhj\Local Sites\sengyo-itiban\app\public\wp-content\plugins\vk-all-in-one-expansion-unit\inc\other-widget\widget-profile.php on line 194
[20-Aug-2025 15:14:33 UTC] PHP Warning:  Undefined array key "mediaFloat" in C:\Users\hanhj\Local Sites\sengyo-itiban\app\public\wp-content\plugins\vk-all-in-one-expansion-unit\inc\other-widget\widget-profile.php on line 196
[20-Aug-2025 15:14:33 UTC] PHP Warning:  Undefined array key "mediaAlign_left" in C:\Users\hanhj\Local Sites\sengyo-itiban\app\public\wp-content\plugins\vk-all-in-one-expansion-unit\inc\other-widget\widget-profile.php on line 192
[20-Aug-2025 15:14:33 UTC] PHP Warning:  Undefined array key "mediaRound" in C:\Users\hanhj\Local Sites\sengyo-itiban\app\public\wp-content\plugins\vk-all-in-one-expansion-unit\inc\other-widget\widget-profile.php on line 194
[20-Aug-2025 15:14:33 UTC] PHP Warning:  Undefined array key "mediaFloat" in C:\Users\hanhj\Local Sites\sengyo-itiban\app\public\wp-content\plugins\vk-all-in-one-expansion-unit\inc\other-widget\widget-profile.php on line 196
[20-Aug-2025 15:14:33 UTC] PHP Warning:  Undefined array key "mediaAlign_left" in C:\Users\hanhj\Local Sites\sengyo-itiban\app\public\wp-content\plugins\vk-all-in-one-expansion-unit\inc\other-widget\widget-profile.php on line 192
[20-Aug-2025 15:14:33 UTC] PHP Warning:  Undefined array key "mediaRound" in C:\Users\hanhj\Local Sites\sengyo-itiban\app\public\wp-content\plugins\vk-all-in-one-expansion-unit\inc\other-widget\widget-profile.php on line 194
[20-Aug-2025 15:14:33 UTC] PHP Warning:  Undefined array key "mediaFloat" in C:\Users\hanhj\Local Sites\sengyo-itiban\app\public\wp-content\plugins\vk-all-in-one-expansion-unit\inc\other-widget\widget-profile.php on line 196
[20-Aug-2025 15:14:34 UTC] PHP Warning:  Undefined array key "mediaAlign_left" in C:\Users\hanhj\Local Sites\sengyo-itiban\app\public\wp-content\plugins\vk-all-in-one-expansion-unit\inc\other-widget\widget-profile.php on line 192
[20-Aug-2025 15:14:34 UTC] PHP Warning:  Undefined array key "mediaRound" in C:\Users\hanhj\Local Sites\sengyo-itiban\app\public\wp-content\plugins\vk-all-in-one-expansion-unit\inc\other-widget\widget-profile.php on line 194
[20-Aug-2025 15:14:34 UTC] PHP Warning:  Undefined array key "mediaFloat" in C:\Users\hanhj\Local Sites\sengyo-itiban\app\public\wp-content\plugins\vk-all-in-one-expansion-unit\inc\other-widget\widget-profile.php on line 196
[20-Aug-2025 15:14:35 UTC] PHP Warning:  Undefined array key "mediaAlign_left" in C:\Users\hanhj\Local Sites\sengyo-itiban\app\public\wp-content\plugins\vk-all-in-one-expansion-unit\inc\other-widget\widget-profile.php on line 192
[20-Aug-2025 15:14:35 UTC] PHP Warning:  Undefined array key "mediaRound" in C:\Users\hanhj\Local Sites\sengyo-itiban\app\public\wp-content\plugins\vk-all-in-one-expansion-unit\inc\other-widget\widget-profile.php on line 194
[20-Aug-2025 15:14:35 UTC] PHP Warning:  Undefined array key "mediaFloat" in C:\Users\hanhj\Local Sites\sengyo-itiban\app\public\wp-content\plugins\vk-all-in-one-expansion-unit\inc\other-widget\widget-profile.php on line 196
[20-Aug-2025 15:14:35 UTC] PHP Warning:  Undefined array key "mediaAlign_left" in C:\Users\hanhj\Local Sites\sengyo-itiban\app\public\wp-content\plugins\vk-all-in-one-expansion-unit\inc\other-widget\widget-profile.php on line 192
[20-Aug-2025 15:14:35 UTC] PHP Warning:  Undefined array key "mediaRound" in C:\Users\hanhj\Local Sites\sengyo-itiban\app\public\wp-content\plugins\vk-all-in-one-expansion-unit\inc\other-widget\widget-profile.php on line 194
[20-Aug-2025 15:14:35 UTC] PHP Warning:  Undefined array key "mediaFloat" in C:\Users\hanhj\Local Sites\sengyo-itiban\app\public\wp-content\plugins\vk-all-in-one-expansion-unit\inc\other-widget\widget-profile.php on line 196
[20-Aug-2025 15:14:40 UTC] PHP Warning:  Undefined array key "mediaAlign_left" in C:\Users\hanhj\Local Sites\sengyo-itiban\app\public\wp-content\plugins\vk-all-in-one-expansion-unit\inc\other-widget\widget-profile.php on line 192
[20-Aug-2025 15:14:40 UTC] PHP Warning:  Undefined array key "mediaRound" in C:\Users\hanhj\Local Sites\sengyo-itiban\app\public\wp-content\plugins\vk-all-in-one-expansion-unit\inc\other-widget\widget-profile.php on line 194
[20-Aug-2025 15:14:40 UTC] PHP Warning:  Undefined array key "mediaFloat" in C:\Users\hanhj\Local Sites\sengyo-itiban\app\public\wp-content\plugins\vk-all-in-one-expansion-unit\inc\other-widget\widget-profile.php on line 196
[20-Aug-2025 15:14:40 UTC] PHP Warning:  Undefined array key "mediaAlign_left" in C:\Users\hanhj\Local Sites\sengyo-itiban\app\public\wp-content\plugins\vk-all-in-one-expansion-unit\inc\other-widget\widget-profile.php on line 192
[20-Aug-2025 15:14:40 UTC] PHP Warning:  Undefined array key "mediaRound" in C:\Users\hanhj\Local Sites\sengyo-itiban\app\public\wp-content\plugins\vk-all-in-one-expansion-unit\inc\other-widget\widget-profile.php on line 194
[20-Aug-2025 15:14:40 UTC] PHP Warning:  Undefined array key "mediaFloat" in C:\Users\hanhj\Local Sites\sengyo-itiban\app\public\wp-content\plugins\vk-all-in-one-expansion-unit\inc\other-widget\widget-profile.php on line 196
[20-Aug-2025 15:14:41 UTC] PHP Warning:  Undefined array key "mediaAlign_left" in C:\Users\hanhj\Local Sites\sengyo-itiban\app\public\wp-content\plugins\vk-all-in-one-expansion-unit\inc\other-widget\widget-profile.php on line 192
[20-Aug-2025 15:14:41 UTC] PHP Warning:  Undefined array key "mediaRound" in C:\Users\hanhj\Local Sites\sengyo-itiban\app\public\wp-content\plugins\vk-all-in-one-expansion-unit\inc\other-widget\widget-profile.php on line 194
[20-Aug-2025 15:14:41 UTC] PHP Warning:  Undefined array key "mediaFloat" in C:\Users\hanhj\Local Sites\sengyo-itiban\app\public\wp-content\plugins\vk-all-in-one-expansion-unit\inc\other-widget\widget-profile.php on line 196
[20-Aug-2025 15:14:41 UTC] PHP Warning:  Undefined array key "mediaAlign_left" in C:\Users\hanhj\Local Sites\sengyo-itiban\app\public\wp-content\plugins\vk-all-in-one-expansion-unit\inc\other-widget\widget-profile.php on line 192
[20-Aug-2025 15:14:41 UTC] PHP Warning:  Undefined array key "mediaRound" in C:\Users\hanhj\Local Sites\sengyo-itiban\app\public\wp-content\plugins\vk-all-in-one-expansion-unit\inc\other-widget\widget-profile.php on line 194
[20-Aug-2025 15:14:41 UTC] PHP Warning:  Undefined array key "mediaFloat" in C:\Users\hanhj\Local Sites\sengyo-itiban\app\public\wp-content\plugins\vk-all-in-one-expansion-unit\inc\other-widget\widget-profile.php on line 196
[20-Aug-2025 15:14:42 UTC] PHP Warning:  Undefined array key "mediaAlign_left" in C:\Users\hanhj\Local Sites\sengyo-itiban\app\public\wp-content\plugins\vk-all-in-one-expansion-unit\inc\other-widget\widget-profile.php on line 192
[20-Aug-2025 15:14:42 UTC] PHP Warning:  Undefined array key "mediaRound" in C:\Users\hanhj\Local Sites\sengyo-itiban\app\public\wp-content\plugins\vk-all-in-one-expansion-unit\inc\other-widget\widget-profile.php on line 194
[20-Aug-2025 15:14:42 UTC] PHP Warning:  Undefined array key "mediaFloat" in C:\Users\hanhj\Local Sites\sengyo-itiban\app\public\wp-content\plugins\vk-all-in-one-expansion-unit\inc\other-widget\widget-profile.php on line 196
[20-Aug-2025 15:14:42 UTC] PHP Warning:  Undefined array key "mediaAlign_left" in C:\Users\hanhj\Local Sites\sengyo-itiban\app\public\wp-content\plugins\vk-all-in-one-expansion-unit\inc\other-widget\widget-profile.php on line 192
[20-Aug-2025 15:14:42 UTC] PHP Warning:  Undefined array key "mediaRound" in C:\Users\hanhj\Local Sites\sengyo-itiban\app\public\wp-content\plugins\vk-all-in-one-expansion-unit\inc\other-widget\widget-profile.php on line 194
[20-Aug-2025 15:14:42 UTC] PHP Warning:  Undefined array key "mediaFloat" in C:\Users\hanhj\Local Sites\sengyo-itiban\app\public\wp-content\plugins\vk-all-in-one-expansion-unit\inc\other-widget\widget-profile.php on line 196
[20-Aug-2025 15:14:43 UTC] PHP Warning:  Undefined array key "mediaAlign_left" in C:\Users\hanhj\Local Sites\sengyo-itiban\app\public\wp-content\plugins\vk-all-in-one-expansion-unit\inc\other-widget\widget-profile.php on line 192
[20-Aug-2025 15:14:43 UTC] PHP Warning:  Undefined array key "mediaRound" in C:\Users\hanhj\Local Sites\sengyo-itiban\app\public\wp-content\plugins\vk-all-in-one-expansion-unit\inc\other-widget\widget-profile.php on line 194
[20-Aug-2025 15:14:43 UTC] PHP Warning:  Undefined array key "mediaFloat" in C:\Users\hanhj\Local Sites\sengyo-itiban\app\public\wp-content\plugins\vk-all-in-one-expansion-unit\inc\other-widget\widget-profile.php on line 196
[20-Aug-2025 15:14:46 UTC] PHP Warning:  Undefined array key "mediaAlign_left" in C:\Users\hanhj\Local Sites\sengyo-itiban\app\public\wp-content\plugins\vk-all-in-one-expansion-unit\inc\other-widget\widget-profile.php on line 192
[20-Aug-2025 15:14:46 UTC] PHP Warning:  Undefined array key "mediaRound" in C:\Users\hanhj\Local Sites\sengyo-itiban\app\public\wp-content\plugins\vk-all-in-one-expansion-unit\inc\other-widget\widget-profile.php on line 194
[20-Aug-2025 15:14:46 UTC] PHP Warning:  Undefined array key "mediaFloat" in C:\Users\hanhj\Local Sites\sengyo-itiban\app\public\wp-content\plugins\vk-all-in-one-expansion-unit\inc\other-widget\widget-profile.php on line 196
[20-Aug-2025 15:14:52 UTC] PHP Warning:  Undefined array key "mediaAlign_left" in C:\Users\hanhj\Local Sites\sengyo-itiban\app\public\wp-content\plugins\vk-all-in-one-expansion-unit\inc\other-widget\widget-profile.php on line 192
[20-Aug-2025 15:14:52 UTC] PHP Warning:  Undefined array key "mediaRound" in C:\Users\hanhj\Local Sites\sengyo-itiban\app\public\wp-content\plugins\vk-all-in-one-expansion-unit\inc\other-widget\widget-profile.php on line 194
[20-Aug-2025 15:14:52 UTC] PHP Warning:  Undefined array key "mediaFloat" in C:\Users\hanhj\Local Sites\sengyo-itiban\app\public\wp-content\plugins\vk-all-in-one-expansion-unit\inc\other-widget\widget-profile.php on line 196
[20-Aug-2025 15:14:52 UTC] PHP Warning:  Undefined array key "mediaAlign_left" in C:\Users\hanhj\Local Sites\sengyo-itiban\app\public\wp-content\plugins\vk-all-in-one-expansion-unit\inc\other-widget\widget-profile.php on line 192
[20-Aug-2025 15:14:52 UTC] PHP Warning:  Undefined array key "mediaRound" in C:\Users\hanhj\Local Sites\sengyo-itiban\app\public\wp-content\plugins\vk-all-in-one-expansion-unit\inc\other-widget\widget-profile.php on line 194
[20-Aug-2025 15:14:52 UTC] PHP Warning:  Undefined array key "mediaFloat" in C:\Users\hanhj\Local Sites\sengyo-itiban\app\public\wp-content\plugins\vk-all-in-one-expansion-unit\inc\other-widget\widget-profile.php on line 196
[20-Aug-2025 15:14:53 UTC] PHP Warning:  Undefined array key "mediaAlign_left" in C:\Users\hanhj\Local Sites\sengyo-itiban\app\public\wp-content\plugins\vk-all-in-one-expansion-unit\inc\other-widget\widget-profile.php on line 192
[20-Aug-2025 15:14:53 UTC] PHP Warning:  Undefined array key "mediaRound" in C:\Users\hanhj\Local Sites\sengyo-itiban\app\public\wp-content\plugins\vk-all-in-one-expansion-unit\inc\other-widget\widget-profile.php on line 194
[20-Aug-2025 15:14:53 UTC] PHP Warning:  Undefined array key "mediaFloat" in C:\Users\hanhj\Local Sites\sengyo-itiban\app\public\wp-content\plugins\vk-all-in-one-expansion-unit\inc\other-widget\widget-profile.php on line 196
[20-Aug-2025 15:14:54 UTC] PHP Warning:  Undefined array key "mediaAlign_left" in C:\Users\hanhj\Local Sites\sengyo-itiban\app\public\wp-content\plugins\vk-all-in-one-expansion-unit\inc\other-widget\widget-profile.php on line 192
[20-Aug-2025 15:14:54 UTC] PHP Warning:  Undefined array key "mediaRound" in C:\Users\hanhj\Local Sites\sengyo-itiban\app\public\wp-content\plugins\vk-all-in-one-expansion-unit\inc\other-widget\widget-profile.php on line 194
[20-Aug-2025 15:14:54 UTC] PHP Warning:  Undefined array key "mediaFloat" in C:\Users\hanhj\Local Sites\sengyo-itiban\app\public\wp-content\plugins\vk-all-in-one-expansion-unit\inc\other-widget\widget-profile.php on line 196
[20-Aug-2025 15:14:54 UTC] PHP Warning:  Undefined array key "mediaAlign_left" in C:\Users\hanhj\Local Sites\sengyo-itiban\app\public\wp-content\plugins\vk-all-in-one-expansion-unit\inc\other-widget\widget-profile.php on line 192
[20-Aug-2025 15:14:54 UTC] PHP Warning:  Undefined array key "mediaRound" in C:\Users\hanhj\Local Sites\sengyo-itiban\app\public\wp-content\plugins\vk-all-in-one-expansion-unit\inc\other-widget\widget-profile.php on line 194
[20-Aug-2025 15:14:54 UTC] PHP Warning:  Undefined array key "mediaFloat" in C:\Users\hanhj\Local Sites\sengyo-itiban\app\public\wp-content\plugins\vk-all-in-one-expansion-unit\inc\other-widget\widget-profile.php on line 196
[20-Aug-2025 15:14:55 UTC] PHP Warning:  Undefined array key "mediaAlign_left" in C:\Users\hanhj\Local Sites\sengyo-itiban\app\public\wp-content\plugins\vk-all-in-one-expansion-unit\inc\other-widget\widget-profile.php on line 192
[20-Aug-2025 15:14:55 UTC] PHP Warning:  Undefined array key "mediaRound" in C:\Users\hanhj\Local Sites\sengyo-itiban\app\public\wp-content\plugins\vk-all-in-one-expansion-unit\inc\other-widget\widget-profile.php on line 194
[20-Aug-2025 15:14:55 UTC] PHP Warning:  Undefined array key "mediaFloat" in C:\Users\hanhj\Local Sites\sengyo-itiban\app\public\wp-content\plugins\vk-all-in-one-expansion-unit\inc\other-widget\widget-profile.php on line 196
[20-Aug-2025 15:14:56 UTC] PHP Warning:  Undefined array key "mediaAlign_left" in C:\Users\hanhj\Local Sites\sengyo-itiban\app\public\wp-content\plugins\vk-all-in-one-expansion-unit\inc\other-widget\widget-profile.php on line 192
[20-Aug-2025 15:14:56 UTC] PHP Warning:  Undefined array key "mediaRound" in C:\Users\hanhj\Local Sites\sengyo-itiban\app\public\wp-content\plugins\vk-all-in-one-expansion-unit\inc\other-widget\widget-profile.php on line 194
[20-Aug-2025 15:14:56 UTC] PHP Warning:  Undefined array key "mediaFloat" in C:\Users\hanhj\Local Sites\sengyo-itiban\app\public\wp-content\plugins\vk-all-in-one-expansion-unit\inc\other-widget\widget-profile.php on line 196
[20-Aug-2025 15:14:57 UTC] PHP Warning:  Undefined array key "mediaAlign_left" in C:\Users\hanhj\Local Sites\sengyo-itiban\app\public\wp-content\plugins\vk-all-in-one-expansion-unit\inc\other-widget\widget-profile.php on line 192
[20-Aug-2025 15:14:57 UTC] PHP Warning:  Undefined array key "mediaRound" in C:\Users\hanhj\Local Sites\sengyo-itiban\app\public\wp-content\plugins\vk-all-in-one-expansion-unit\inc\other-widget\widget-profile.php on line 194
[20-Aug-2025 15:14:57 UTC] PHP Warning:  Undefined array key "mediaFloat" in C:\Users\hanhj\Local Sites\sengyo-itiban\app\public\wp-content\plugins\vk-all-in-one-expansion-unit\inc\other-widget\widget-profile.php on line 196
[20-Aug-2025 15:14:58 UTC] PHP Warning:  Undefined array key "mediaAlign_left" in C:\Users\hanhj\Local Sites\sengyo-itiban\app\public\wp-content\plugins\vk-all-in-one-expansion-unit\inc\other-widget\widget-profile.php on line 192
[20-Aug-2025 15:14:58 UTC] PHP Warning:  Undefined array key "mediaRound" in C:\Users\hanhj\Local Sites\sengyo-itiban\app\public\wp-content\plugins\vk-all-in-one-expansion-unit\inc\other-widget\widget-profile.php on line 194
[20-Aug-2025 15:14:58 UTC] PHP Warning:  Undefined array key "mediaFloat" in C:\Users\hanhj\Local Sites\sengyo-itiban\app\public\wp-content\plugins\vk-all-in-one-expansion-unit\inc\other-widget\widget-profile.php on line 196
[20-Aug-2025 15:14:59 UTC] PHP Warning:  Undefined array key "mediaAlign_left" in C:\Users\hanhj\Local Sites\sengyo-itiban\app\public\wp-content\plugins\vk-all-in-one-expansion-unit\inc\other-widget\widget-profile.php on line 192
[20-Aug-2025 15:14:59 UTC] PHP Warning:  Undefined array key "mediaRound" in C:\Users\hanhj\Local Sites\sengyo-itiban\app\public\wp-content\plugins\vk-all-in-one-expansion-unit\inc\other-widget\widget-profile.php on line 194
[20-Aug-2025 15:14:59 UTC] PHP Warning:  Undefined array key "mediaFloat" in C:\Users\hanhj\Local Sites\sengyo-itiban\app\public\wp-content\plugins\vk-all-in-one-expansion-unit\inc\other-widget\widget-profile.php on line 196
[20-Aug-2025 15:15:00 UTC] PHP Warning:  Undefined array key "mediaAlign_left" in C:\Users\hanhj\Local Sites\sengyo-itiban\app\public\wp-content\plugins\vk-all-in-one-expansion-unit\inc\other-widget\widget-profile.php on line 192
[20-Aug-2025 15:15:00 UTC] PHP Warning:  Undefined array key "mediaRound" in C:\Users\hanhj\Local Sites\sengyo-itiban\app\public\wp-content\plugins\vk-all-in-one-expansion-unit\inc\other-widget\widget-profile.php on line 194
[20-Aug-2025 15:15:00 UTC] PHP Warning:  Undefined array key "mediaFloat" in C:\Users\hanhj\Local Sites\sengyo-itiban\app\public\wp-content\plugins\vk-all-in-one-expansion-unit\inc\other-widget\widget-profile.php on line 196
[20-Aug-2025 15:15:01 UTC] PHP Warning:  Undefined array key "mediaAlign_left" in C:\Users\hanhj\Local Sites\sengyo-itiban\app\public\wp-content\plugins\vk-all-in-one-expansion-unit\inc\other-widget\widget-profile.php on line 192
[20-Aug-2025 15:15:01 UTC] PHP Warning:  Undefined array key "mediaRound" in C:\Users\hanhj\Local Sites\sengyo-itiban\app\public\wp-content\plugins\vk-all-in-one-expansion-unit\inc\other-widget\widget-profile.php on line 194
[20-Aug-2025 15:15:01 UTC] PHP Warning:  Undefined array key "mediaFloat" in C:\Users\hanhj\Local Sites\sengyo-itiban\app\public\wp-content\plugins\vk-all-in-one-expansion-unit\inc\other-widget\widget-profile.php on line 196
[20-Aug-2025 15:15:01 UTC] PHP Warning:  Undefined array key "mediaAlign_left" in C:\Users\hanhj\Local Sites\sengyo-itiban\app\public\wp-content\plugins\vk-all-in-one-expansion-unit\inc\other-widget\widget-profile.php on line 192
[20-Aug-2025 15:15:01 UTC] PHP Warning:  Undefined array key "mediaRound" in C:\Users\hanhj\Local Sites\sengyo-itiban\app\public\wp-content\plugins\vk-all-in-one-expansion-unit\inc\other-widget\widget-profile.php on line 194
[20-Aug-2025 15:15:01 UTC] PHP Warning:  Undefined array key "mediaFloat" in C:\Users\hanhj\Local Sites\sengyo-itiban\app\public\wp-content\plugins\vk-all-in-one-expansion-unit\inc\other-widget\widget-profile.php on line 196
[20-Aug-2025 15:15:37 UTC] PHP Warning:  Undefined array key "mediaAlign_left" in C:\Users\hanhj\Local Sites\sengyo-itiban\app\public\wp-content\plugins\vk-all-in-one-expansion-unit\inc\other-widget\widget-profile.php on line 192
[20-Aug-2025 15:15:37 UTC] PHP Warning:  Undefined array key "mediaRound" in C:\Users\hanhj\Local Sites\sengyo-itiban\app\public\wp-content\plugins\vk-all-in-one-expansion-unit\inc\other-widget\widget-profile.php on line 194
[20-Aug-2025 15:15:37 UTC] PHP Warning:  Undefined array key "mediaFloat" in C:\Users\hanhj\Local Sites\sengyo-itiban\app\public\wp-content\plugins\vk-all-in-one-expansion-unit\inc\other-widget\widget-profile.php on line 196
[20-Aug-2025 15:17:38 UTC] PHP Warning:  Undefined array key "form_sort" in C:\Users\hanhj\Local Sites\sengyo-itiban\app\public\wp-content\plugins\vk-all-in-one-expansion-unit\inc\other-widget\widget-taxonomies.php on line 159
[20-Aug-2025 15:17:38 UTC] PHP Warning:  Undefined array key "form_sort" in C:\Users\hanhj\Local Sites\sengyo-itiban\app\public\wp-content\plugins\vk-all-in-one-expansion-unit\inc\other-widget\widget-taxonomies.php on line 160
